# JRE version: 7.0_11-b21
# Java VM: Java HotSpot(TM) Client VM (23.6-b04 mixed mode, sharing windows-x86 )
Heap
 def new generation   total 4928K, used 4652K [0x27010000, 0x27560000, 0x2c560000)
  eden space 4416K, 100% used [0x27010000, 0x27460000, 0x27460000)
  from space 512K,  46% used [0x274e0000, 0x2751b320, 0x27560000)
  to   space 512K,   0% used [0x27460000, 0x27460740, 0x274e0000)
 tenured generation   total 10944K, used 5271K [0x2c560000, 0x2d010000, 0x37010000)
   the space 10944K,  48% used [0x2c560000, 0x2ca85e80, 0x2ca86000, 0x2d010000)
 compacting perm gen  total 12288K, used 4328K [0x37010000, 0x37c10000, 0x3b010000)
   the space 12288K,  35% used [0x37010000, 0x3744a130, 0x3744a200, 0x37c10000)
    ro space 10240K,  45% used [0x3b010000, 0x3b496280, 0x3b496400, 0x3ba10000)
    rw space 12288K,  54% used [0x3ba10000, 0x3c0991b0, 0x3c099200, 0x3c610000)
GC Heap History (10 events):
Event: 162.389 GC heap before
{Heap before GC invocations=1452 (full 0):
 def new generation   total 4928K, used 4660K [0x27010000, 0x27560000, 0x2c560000)
  eden space 4416K, 100% used [0x27010000, 0x27460000, 0x27460000)
  from space 512K,  47% used [0x27460000, 0x2749d108, 0x274e0000)
  to   space 512K,   0% used [0x274e0000, 0x274e0000, 0x27560000)
 tenured generation   total 10944K, used 5255K [0x2c560000, 0x2d010000, 0x37010000)
   the space 10944K,  48% used [0x2c560000, 0x2ca81d80, 0x2ca81e00, 0x2d010000)
 compacting perm gen  total 12288K, used 4326K [0x37010000, 0x37c10000, 0x3b010000)
   the space 12288K,  35% used [0x37010000, 0x37449800, 0x37449800, 0x37c10000)
    ro space 10240K,  45% used [0x3b010000, 0x3b496280, 0x3b496400, 0x3ba10000)
    rw space 12288K,  54% used [0x3ba10000, 0x3c0991b0, 0x3c099200, 0x3c610000)
Event: 162.390 GC heap after
Heap after GC invocations=1453 (full 0):
 def new generation   total 4928K, used 243K [0x27010000, 0x27560000, 0x2c560000)
  eden space 4416K,   0% used [0x27010000, 0x27010000, 0x27460000)
  from space 512K,  47% used [0x274e0000, 0x2751cf38, 0x27560000)
  to   space 512K,   0% used [0x27460000, 0x27460000, 0x274e0000)
 tenured generation   total 10944K, used 5255K [0x2c560000, 0x2d010000, 0x37010000)
   the space 10944K,  48% used [0x2c560000, 0x2ca81d80, 0x2ca81e00, 0x2d010000)
 compacting perm gen  total 12288K, used 4326K [0x37010000, 0x37c10000, 0x3b010000)
   the space 12288K,  35% used [0x37010000, 0x37449800, 0x37449800, 0x37c10000)
    ro space 10240K,  45% used [0x3b010000, 0x3b496280, 0x3b496400, 0x3ba10000)
    rw space 12288K,  54% used [0x3ba10000, 0x3c0991b0, 0x3c099200, 0x3c610000)
}
Event: 162.451 GC heap before
{Heap before GC invocations=1453 (full 0):
 def new generation   total 4928K, used 4659K [0x27010000, 0x27560000, 0x2c560000)
  eden space 4416K, 100% used [0x27010000, 0x27460000, 0x27460000)
  from space 512K,  47% used [0x274e0000, 0x2751cf38, 0x27560000)
  to   space 512K,   0% used [0x27460000, 0x27460000, 0x274e0000)
 tenured generation   total 10944K, used 5255K [0x2c560000, 0x2d010000, 0x37010000)
   the space 10944K,  48% used [0x2c560000, 0x2ca81d80, 0x2ca81e00, 0x2d010000)
 compacting perm gen  total 12288K, used 4326K [0x37010000, 0x37c10000, 0x3b010000)
   the space 12288K,  35% used [0x37010000, 0x37449800, 0x37449800, 0x37c10000)
    ro space 10240K,  45% used [0x3b010000, 0x3b496280, 0x3b496400, 0x3ba10000)
    rw space 12288K,  54% used [0x3ba10000, 0x3c0991b0, 0x3c099200, 0x3c610000)
Event: 162.453 GC heap after
Heap after GC invocations=1454 (full 0):
 def new generation   total 4928K, used 238K [0x27010000, 0x27560000, 0x2c560000)
  eden space 4416K,   0% used [0x27010000, 0x27010000, 0x27460000)
  from space 512K,  46% used [0x27460000, 0x2749b8a8, 0x274e0000)
  to   space 512K,   0% used [0x274e0000, 0x274e0000, 0x27560000)
 tenured generation   total 10944K, used 5255K [0x2c560000, 0x2d010000, 0x37010000)
   the space 10944K,  48% used [0x2c560000, 0x2ca81d80, 0x2ca81e00, 0x2d010000)
 compacting perm gen  total 12288K, used 4326K [0x37010000, 0x37c10000, 0x3b010000)
   the space 12288K,  35% used [0x37010000, 0x37449800, 0x37449800, 0x37c10000)
    ro space 10240K,  45% used [0x3b010000, 0x3b496280, 0x3b496400, 0x3ba10000)
    rw space 12288K,  54% used [0x3ba10000, 0x3c0991b0, 0x3c099200, 0x3c610000)
}
Event: 162.513 GC heap before
{Heap before GC invocations=1454 (full 0):
 def new generation   total 4928K, used 4654K [0x27010000, 0x27560000, 0x2c560000)
  eden space 4416K, 100% used [0x27010000, 0x27460000, 0x27460000)
  from space 512K,  46% used [0x27460000, 0x2749b8a8, 0x274e0000)
  to   space 512K,   0% used [0x274e0000, 0x274e0000, 0x27560000)
 tenured generation   total 10944K, used 5255K [0x2c560000, 0x2d010000, 0x37010000)
   the space 10944K,  48% used [0x2c560000, 0x2ca81d80, 0x2ca81e00, 0x2d010000)
 compacting perm gen  total 12288K, used 4326K [0x37010000, 0x37c10000, 0x3b010000)
   the space 12288K,  35% used [0x37010000, 0x37449800, 0x37449800, 0x37c10000)
    ro space 10240K,  45% used [0x3b010000, 0x3b496280, 0x3b496400, 0x3ba10000)
    rw space 12288K,  54% used [0x3ba10000, 0x3c0991b0, 0x3c099200, 0x3c610000)
Event: 162.515 GC heap after
Heap after GC invocations=1455 (full 0):
 def new generation   total 4928K, used 225K [0x27010000, 0x27560000, 0x2c560000)
  eden space 4416K,   0% used [0x27010000, 0x27010000, 0x27460000)
  from space 512K,  43% used [0x274e0000, 0x27518448, 0x27560000)
  to   space 512K,   0% used [0x27460000, 0x27460000, 0x274e0000)
 tenured generation   total 10944K, used 5270K [0x2c560000, 0x2d010000, 0x37010000)
   the space 10944K,  48% used [0x2c560000, 0x2ca85b78, 0x2ca85c00, 0x2d010000)
 compacting perm gen  total 12288K, used 4326K [0x37010000, 0x37c10000, 0x3b010000)
   the space 12288K,  35% used [0x37010000, 0x37449800, 0x37449800, 0x37c10000)
    ro space 10240K,  45% used [0x3b010000, 0x3b496280, 0x3b496400, 0x3ba10000)
    rw space 12288K,  54% used [0x3ba10000, 0x3c0991b0, 0x3c099200, 0x3c610000)
}
Event: 162.576 GC heap before
{Heap before GC invocations=1455 (full 0):
 def new generation   total 4928K, used 4641K [0x27010000, 0x27560000, 0x2c560000)
  eden space 4416K, 100% used [0x27010000, 0x27460000, 0x27460000)
  from space 512K,  43% used [0x274e0000, 0x27518448, 0x27560000)
  to   space 512K,   0% used [0x27460000, 0x27460000, 0x274e0000)
 tenured generation   total 10944K, used 5270K [0x2c560000, 0x2d010000, 0x37010000)
   the space 10944K,  48% used [0x2c560000, 0x2ca85b78, 0x2ca85c00, 0x2d010000)
 compacting perm gen  total 12288K, used 4328K [0x37010000, 0x37c10000, 0x3b010000)
   the space 12288K,  35% used [0x37010000, 0x3744a130, 0x3744a200, 0x37c10000)
    ro space 10240K,  45% used [0x3b010000, 0x3b496280, 0x3b496400, 0x3ba10000)
    rw space 12288K,  54% used [0x3ba10000, 0x3c0991b0, 0x3c099200, 0x3c610000)
Event: 162.578 GC heap after
Heap after GC invocations=1456 (full 0):
 def new generation   total 4928K, used 203K [0x27010000, 0x27560000, 0x2c560000)
  eden space 4416K,   0% used [0x27010000, 0x27010000, 0x27460000)
  from space 512K,  39% used [0x27460000, 0x27492dd0, 0x274e0000)
  to   space 512K,   0% used [0x274e0000, 0x274e0000, 0x27560000)
 tenured generation   total 10944K, used 5271K [0x2c560000, 0x2d010000, 0x37010000)
   the space 10944K,  48% used [0x2c560000, 0x2ca85e80, 0x2ca86000, 0x2d010000)
 compacting perm gen  total 12288K, used 4328K [0x37010000, 0x37c10000, 0x3b010000)
   the space 12288K,  35% used [0x37010000, 0x3744a130, 0x3744a200, 0x37c10000)
    ro space 10240K,  45% used [0x3b010000, 0x3b496280, 0x3b496400, 0x3ba10000)
    rw space 12288K,  54% used [0x3ba10000, 0x3c0991b0, 0x3c099200, 0x3c610000)
}
Event: 162.640 GC heap before
{Heap before GC invocations=1456 (full 0):
 def new generation   total 4928K, used 4619K [0x27010000, 0x27560000, 0x2c560000)
  eden space 4416K, 100% used [0x27010000, 0x27460000, 0x27460000)
  from space 512K,  39% used [0x27460000, 0x27492dd0, 0x274e0000)
  to   space 512K,   0% used [0x274e0000, 0x274e0000, 0x27560000)
 tenured generation   total 10944K, used 5271K [0x2c560000, 0x2d010000, 0x37010000)
   the space 10944K,  48% used [0x2c560000, 0x2ca85e80, 0x2ca86000, 0x2d010000)
 compacting perm gen  total 12288K, used 4328K [0x37010000, 0x37c10000, 0x3b010000)
   the space 12288K,  35% used [0x37010000, 0x3744a130, 0x3744a200, 0x37c10000)
    ro space 10240K,  45% used [0x3b010000, 0x3b496280, 0x3b496400, 0x3ba10000)
    rw space 12288K,  54% used [0x3ba10000, 0x3c0991b0, 0x3c099200, 0x3c610000)
Event: 162.642 GC heap after
Heap after GC invocations=1457 (full 0):
 def new generation   total 4928K, used 230K [0x27010000, 0x27560000, 0x2c560000)
  eden space 4416K,   0% used [0x27010000, 0x27010000, 0x27460000)
  from space 512K,  44% used [0x274e0000, 0x275198e8, 0x27560000)
  to   space 512K,   0% used [0x27460000, 0x27460000, 0x274e0000)
 tenured generation   total 10944K, used 5271K [0x2c560000, 0x2d010000, 0x37010000)
   the space 10944K,  48% used [0x2c560000, 0x2ca85e80, 0x2ca86000, 0x2d010000)
 compacting perm gen  total 12288K, used 4328K [0x37010000, 0x37c10000, 0x3b010000)
   the space 12288K,  35% used [0x37010000, 0x3744a130, 0x3744a200, 0x37c10000)
    ro space 10240K,  45% used [0x3b010000, 0x3b496280, 0x3b496400, 0x3ba10000)
    rw space 12288K,  54% used [0x3ba10000, 0x3c0991b0, 0x3c099200, 0x3c610000)
}

